L 1 "..\..\..\module\common\AppCommon.c"
N#include "AppCommon.h"
L 1 "..\..\..\module\common\AppCommon.h" 1
N#ifndef __APPCOMMON_H
N#define __APPCOMMON_H
N
N#ifdef __cplusplus
S	extern "C"{
N#endif
N		
N#include "x_cross_platform.h"
L 1 "..\..\..\module\common\x_cross_platform.h" 1
N#ifndef __X_CROSS_PLATFORM_H
N#define __X_CROSS_PLATFORM_H
N
N#include <stdint.h>
L 1 "D:\Program Files\ARM\ARMCC\Bin\..\include\stdint.h" 1
N/* Copyright (C) ARM Ltd., 1999,2014 */
N/* All rights reserved */
N
N/*
N * RCS $Revision$
N * Checkin $Date$
N * Revising $Author: agrant $
N */
N
N#ifndef __stdint_h
N#define __stdint_h
N#define __ARMCLIB_VERSION 5060037
N
N  #ifdef __INT64_TYPE__
S    /* armclang predefines '__INT64_TYPE__' and '__INT64_C_SUFFIX__' */
S    #define __INT64 __INT64_TYPE__
N  #else
N    /* armcc has builtin '__int64' which can be used in --strict mode */
N    #define __INT64 __int64
N    #define __INT64_C_SUFFIX__ ll
N  #endif
N  #define __PASTE2(x, y) x ## y
N  #define __PASTE(x, y) __PASTE2(x, y)
N  #define __INT64_C(x)  __ESCAPE__(__PASTE(x, __INT64_C_SUFFIX__))
N  #define __UINT64_C(x)  __ESCAPE__(__PASTE(x ## u, __INT64_C_SUFFIX__))
N  #if defined(__clang__) || (defined(__ARMCC_VERSION) && !defined(__STRICT_ANSI__))
X  #if 0L || (1L && !0L)
N    /* armclang and non-strict armcc allow 'long long' in system headers */
N    #define __LONGLONG long long
N  #else
S    /* strict armcc has '__int64' */
S    #define __LONGLONG __int64
N  #endif
N
N  #ifndef __STDINT_DECLS
N  #define __STDINT_DECLS
N
N    #undef __CLIBNS
N
N    #ifdef __cplusplus
S      namespace std {
S          #define __CLIBNS std::
S          extern "C" {
N    #else
N      #define __CLIBNS
N    #endif  /* __cplusplus */
N
N
N/*
N * 'signed' is redundant below, except for 'signed char' and if
N * the typedef is used to declare a bitfield.
N */
N
N    /* 7.18.1.1 */
N
N    /* exact-width signed integer types */
Ntypedef   signed          char int8_t;
Ntypedef   signed short     int int16_t;
Ntypedef   signed           int int32_t;
Ntypedef   signed       __INT64 int64_t;
Xtypedef   signed       __int64 int64_t;
N
N    /* exact-width unsigned integer types */
Ntypedef unsigned          char uint8_t;
Ntypedef unsigned short     int uint16_t;
Ntypedef unsigned           int uint32_t;
Ntypedef unsigned       __INT64 uint64_t;
Xtypedef unsigned       __int64 uint64_t;
N
N    /* 7.18.1.2 */
N
N    /* smallest type of at least n bits */
N    /* minimum-width signed integer types */
Ntypedef   signed          char int_least8_t;
Ntypedef   signed short     int int_least16_t;
Ntypedef   signed           int int_least32_t;
Ntypedef   signed       __INT64 int_least64_t;
Xtypedef   signed       __int64 int_least64_t;
N
N    /* minimum-width unsigned integer types */
Ntypedef unsigned          char uint_least8_t;
Ntypedef unsigned short     int uint_least16_t;
Ntypedef unsigned           int uint_least32_t;
Ntypedef unsigned       __INT64 uint_least64_t;
Xtypedef unsigned       __int64 uint_least64_t;
N
N    /* 7.18.1.3 */
N
N    /* fastest minimum-width signed integer types */
Ntypedef   signed           int int_fast8_t;
Ntypedef   signed           int int_fast16_t;
Ntypedef   signed           int int_fast32_t;
Ntypedef   signed       __INT64 int_fast64_t;
Xtypedef   signed       __int64 int_fast64_t;
N
N    /* fastest minimum-width unsigned integer types */
Ntypedef unsigned           int uint_fast8_t;
Ntypedef unsigned           int uint_fast16_t;
Ntypedef unsigned           int uint_fast32_t;
Ntypedef unsigned       __INT64 uint_fast64_t;
Xtypedef unsigned       __int64 uint_fast64_t;
N
N    /* 7.18.1.4 integer types capable of holding object pointers */
N#if __sizeof_ptr == 8
X#if 4 == 8
Stypedef   signed       __INT64 intptr_t;
Stypedef unsigned       __INT64 uintptr_t;
N#else
Ntypedef   signed           int intptr_t;
Ntypedef unsigned           int uintptr_t;
N#endif
N
N    /* 7.18.1.5 greatest-width integer types */
Ntypedef   signed     __LONGLONG intmax_t;
Xtypedef   signed     long long intmax_t;
Ntypedef unsigned     __LONGLONG uintmax_t;
Xtypedef unsigned     long long uintmax_t;
N
N
N#if !defined(__cplusplus) || defined(__STDC_LIMIT_MACROS)
X#if !0L || 0L
N
N    /* 7.18.2.1 */
N
N    /* minimum values of exact-width signed integer types */
N#define INT8_MIN                   -128
N#define INT16_MIN                -32768
N#define INT32_MIN          (~0x7fffffff)   /* -2147483648 is unsigned */
N#define INT64_MIN  __INT64_C(~0x7fffffffffffffff) /* -9223372036854775808 is unsigned */
N
N    /* maximum values of exact-width signed integer types */
N#define INT8_MAX                    127
N#define INT16_MAX                 32767
N#define INT32_MAX            2147483647
N#define INT64_MAX  __INT64_C(9223372036854775807)
N
N    /* maximum values of exact-width unsigned integer types */
N#define UINT8_MAX                   255
N#define UINT16_MAX                65535
N#define UINT32_MAX           4294967295u
N#define UINT64_MAX __UINT64_C(18446744073709551615)
N
N    /* 7.18.2.2 */
N
N    /* minimum values of minimum-width signed integer types */
N#define INT_LEAST8_MIN                   -128
N#define INT_LEAST16_MIN                -32768
N#define INT_LEAST32_MIN          (~0x7fffffff)
N#define INT_LEAST64_MIN  __INT64_C(~0x7fffffffffffffff)
N
N    /* maximum values of minimum-width signed integer types */
N#define INT_LEAST8_MAX                    127
N#define INT_LEAST16_MAX                 32767
N#define INT_LEAST32_MAX            2147483647
N#define INT_LEAST64_MAX  __INT64_C(9223372036854775807)
N
N    /* maximum values of minimum-width unsigned integer types */
N#define UINT_LEAST8_MAX                   255
N#define UINT_LEAST16_MAX                65535
N#define UINT_LEAST32_MAX           4294967295u
N#define UINT_LEAST64_MAX __UINT64_C(18446744073709551615)
N
N    /* 7.18.2.3 */
N
N    /* minimum values of fastest minimum-width signed integer types */
N#define INT_FAST8_MIN           (~0x7fffffff)
N#define INT_FAST16_MIN          (~0x7fffffff)
N#define INT_FAST32_MIN          (~0x7fffffff)
N#define INT_FAST64_MIN  __INT64_C(~0x7fffffffffffffff)
N
N    /* maximum values of fastest minimum-width signed integer types */
N#define INT_FAST8_MAX             2147483647
N#define INT_FAST16_MAX            2147483647
N#define INT_FAST32_MAX            2147483647
N#define INT_FAST64_MAX  __INT64_C(9223372036854775807)
N
N    /* maximum values of fastest minimum-width unsigned integer types */
N#define UINT_FAST8_MAX            4294967295u
N#define UINT_FAST16_MAX           4294967295u
N#define UINT_FAST32_MAX           4294967295u
N#define UINT_FAST64_MAX __UINT64_C(18446744073709551615)
N
N    /* 7.18.2.4 */
N
N    /* minimum value of pointer-holding signed integer type */
N#if __sizeof_ptr == 8
X#if 4 == 8
S#define INTPTR_MIN INT64_MIN
N#else
N#define INTPTR_MIN INT32_MIN
N#endif
N
N    /* maximum value of pointer-holding signed integer type */
N#if __sizeof_ptr == 8
X#if 4 == 8
S#define INTPTR_MAX INT64_MAX
N#else
N#define INTPTR_MAX INT32_MAX
N#endif
N
N    /* maximum value of pointer-holding unsigned integer type */
N#if __sizeof_ptr == 8
X#if 4 == 8
S#define UINTPTR_MAX UINT64_MAX
N#else
N#define UINTPTR_MAX UINT32_MAX
N#endif
N
N    /* 7.18.2.5 */
N
N    /* minimum value of greatest-width signed integer type */
N#define INTMAX_MIN  __ESCAPE__(~0x7fffffffffffffffll)
N
N    /* maximum value of greatest-width signed integer type */
N#define INTMAX_MAX  __ESCAPE__(9223372036854775807ll)
N
N    /* maximum value of greatest-width unsigned integer type */
N#define UINTMAX_MAX __ESCAPE__(18446744073709551615ull)
N
N    /* 7.18.3 */
N
N    /* limits of ptrdiff_t */
N#if __sizeof_ptr == 8
X#if 4 == 8
S#define PTRDIFF_MIN INT64_MIN
S#define PTRDIFF_MAX INT64_MAX
N#else
N#define PTRDIFF_MIN INT32_MIN
N#define PTRDIFF_MAX INT32_MAX
N#endif
N
N    /* limits of sig_atomic_t */
N#define SIG_ATOMIC_MIN (~0x7fffffff)
N#define SIG_ATOMIC_MAX   2147483647
N
N    /* limit of size_t */
N#if __sizeof_ptr == 8
X#if 4 == 8
S#define SIZE_MAX UINT64_MAX
N#else
N#define SIZE_MAX UINT32_MAX
N#endif
N
N    /* limits of wchar_t */
N    /* NB we have to undef and redef because they're defined in both
N     * stdint.h and wchar.h */
N#undef WCHAR_MIN
N#undef WCHAR_MAX
N
N#if defined(__WCHAR32) || (defined(__ARM_SIZEOF_WCHAR_T) && __ARM_SIZEOF_WCHAR_T == 4)
X#if 0L || (0L && __ARM_SIZEOF_WCHAR_T == 4)
S  #define WCHAR_MIN   0
S  #define WCHAR_MAX   0xffffffffU
N#else
N  #define WCHAR_MIN   0
N  #define WCHAR_MAX   65535
N#endif
N
N    /* limits of wint_t */
N#define WINT_MIN (~0x7fffffff)
N#define WINT_MAX 2147483647
N
N#endif /* __STDC_LIMIT_MACROS */
N
N#if !defined(__cplusplus) || defined(__STDC_CONSTANT_MACROS)
X#if !0L || 0L
N
N    /* 7.18.4.1 macros for minimum-width integer constants */
N#define INT8_C(x)   (x)
N#define INT16_C(x)  (x)
N#define INT32_C(x)  (x)
N#define INT64_C(x)  __INT64_C(x)
N
N#define UINT8_C(x)  (x ## u)
N#define UINT16_C(x) (x ## u)
N#define UINT32_C(x) (x ## u)
N#define UINT64_C(x) __UINT64_C(x)
N
N    /* 7.18.4.2 macros for greatest-width integer constants */
N#define INTMAX_C(x)  __ESCAPE__(x ## ll)
N#define UINTMAX_C(x) __ESCAPE__(x ## ull)
N
N#endif /* __STDC_CONSTANT_MACROS */
N
N    #ifdef __cplusplus
S         }  /* extern "C" */
S      }  /* namespace std */
N    #endif /* __cplusplus */
N  #endif /* __STDINT_DECLS */
N
N  #ifdef __cplusplus
S    #ifndef __STDINT_NO_EXPORTS
S      using ::std::int8_t;
S      using ::std::int16_t;
S      using ::std::int32_t;
S      using ::std::int64_t;
S      using ::std::uint8_t;
S      using ::std::uint16_t;
S      using ::std::uint32_t;
S      using ::std::uint64_t;
S      using ::std::int_least8_t;
S      using ::std::int_least16_t;
S      using ::std::int_least32_t;
S      using ::std::int_least64_t;
S      using ::std::uint_least8_t;
S      using ::std::uint_least16_t;
S      using ::std::uint_least32_t;
S      using ::std::uint_least64_t;
S      using ::std::int_fast8_t;
S      using ::std::int_fast16_t;
S      using ::std::int_fast32_t;
S      using ::std::int_fast64_t;
S      using ::std::uint_fast8_t;
S      using ::std::uint_fast16_t;
S      using ::std::uint_fast32_t;
S      using ::std::uint_fast64_t;
S      using ::std::intptr_t;
S      using ::std::uintptr_t;
S      using ::std::intmax_t;
S      using ::std::uintmax_t;
S    #endif
N  #endif /* __cplusplus */
N
N#undef __INT64
N#undef __LONGLONG
N
N#endif /* __stdint_h */
N
N/* end of stdint.h */
L 5 "..\..\..\module\common\x_cross_platform.h" 2
N#include <wchar.h>
L 1 "D:\Program Files\ARM\ARMCC\Bin\..\include\wchar.h" 1
N/* wchar.h: C99 header */
N/* Copyright 2002 ARM Limited. All rights reserved.            */
N/*
N * RCS $Revision$
N * Checkin $Date$
N * Revising $Author: agrant $
N */
N
N#ifndef __wchar_h
N#define __wchar_h
N#define __ARMCLIB_VERSION 5060037
N
N#define _ARMABI __declspec(__nothrow)
N
N  #ifndef __WCHAR_DECLS
N  #define __WCHAR_DECLS
N
N    #undef __CLIBNS
N    #ifdef __cplusplus
S        #define __CLIBNS ::std::
S        namespace std {
S        extern "C" {
N    #else /* ndef __cplusplus */
N      #define __CLIBNS
N    #endif /* ndef __cplusplus */
N
N    #if defined(__cplusplus) || !defined(__STRICT_ANSI__) || !defined(__size_t)
X    #if 0L || !0L || !0L
N     /* always defined in C++ and non-strict C for consistency of debug info */
N      #if __sizeof_ptr == 8
X      #if 4 == 8
S        typedef unsigned long size_t;   /* see <stddef.h> */
N      #else
N        typedef unsigned int size_t;   /* see <stddef.h> */
N      #endif
N      #if !defined(__cplusplus) && defined(__STRICT_ANSI__)
X      #if !0L && 0L
S        #define __size_t 1
N      #endif
N    #endif
N
N    #ifndef __cplusplus  /* wchar_t is a builtin type for C++ */
N      #if !defined(__STRICT_ANSI__) || !defined(__wchar_t)
X      #if !0L || !0L
N       /* always defined in non-strict C for consistency of debug info */
N        #if defined(__WCHAR32) || (defined(__ARM_SIZEOF_WCHAR_T) && __ARM_SIZEOF_WCHAR_T == 4)
X        #if 0L || (0L && __ARM_SIZEOF_WCHAR_T == 4)
S          typedef unsigned int wchar_t; /* see <stddef.h> */
N        #else
N          typedef unsigned short wchar_t; /* see <stddef.h> */
N        #endif
N        #ifdef __STRICT_ANSI__
S          #define __wchar_t 1
N        #endif
N      #endif
N    #endif
N
N    #if defined(__cplusplus) || !defined(__STRICT_ANSI__) || !defined(__wint_t)
X    #if 0L || !0L || !0L
N     /* always defined in C++ and non-strict C for consistency of debug info */
N      typedef int wint_t;   /* see also <wctype.h> */
N      #if !defined(__cplusplus) && defined(__STRICT_ANSI__)
X      #if !0L && 0L
S        #define __wint_t 1
N      #endif
N    #endif
N
N        /* limits of wchar_t */
N        /* NB we have to undef and redef because they're defined in both
N         * stdint.h and wchar.h */
N    #undef WCHAR_MIN
N    #undef WCHAR_MAX
N
N    #if defined(__WCHAR32)  || (defined(__ARM_SIZEOF_WCHAR_T) && __ARM_SIZEOF_WCHAR_T == 4)
X    #if 0L  || (0L && __ARM_SIZEOF_WCHAR_T == 4)
S      #define WCHAR_MIN   0
S      #define WCHAR_MAX   0xffffffffU
N    #else
N      #define WCHAR_MIN   0
N      #define WCHAR_MAX   65535
N    #endif
N
N    #undef NULL
N    #define NULL 0                   /* see <stddef.h> */
N
N    /* ANSI forbids va_list to be defined here */
N    /* keep in step with <stdarg.h> and <stdio.h> */
N    #if !defined(__va_list) && (defined(__cplusplus) || !defined(__STRICT_ANSI__) || !defined(__va_list_defined))
X    #if !0L && (0L || !0L || !0L)
N    /* always defined in C++ and non-strict C for consistency of debug info */
N      #ifdef __clang__
S        typedef __builtin_va_list __va_list;
N      #else
N        typedef struct __va_list __va_list;
N      #endif
N      #if !defined(__cplusplus) && defined(__STRICT_ANSI__)
X      #if !0L && 0L
S        #define __va_list_defined 1
N      #endif
N    #endif
N
N  #ifndef __ARM_WCHAR_NO_IO
N    #undef WEOF
N    #define WEOF ((__CLIBNS wint_t)-1)
N
N    /* ANSI forbids FILE to be defined here */
N    #if !defined(__STRICT_ANSI__)
X    #if !0L
N    /* always defined in non-strict C/C++ for consistency of debug info */
N      typedef struct __FILE FILE;
N    #else
S      struct __FILE;
N    #endif
N  #endif /* __ARM_WCHAR_NO_IO */
N
N    /*
N     * If the compiler supports signalling nans as per N965 then it
N     * will define __SUPPORT_SNAN__, in which case a user may define
N     * _WANT_SNAN in order to obtain compliant versions of the
N     * fwprintf, fwscanf, and wcstod families of functions.
N     */
N    #if defined(__SUPPORT_SNAN__) && defined(_WANT_SNAN)
X    #if 0L && 0L
S    #pragma import(__use_snan)
N    #endif
N
N
N    /*
N     * mbstate_t must be able to contain all the data from an
N     * incomplete MB character, plus shift states. CJK-specific
N     * encodings seem to tend to have at most three bytes per
N     * character, and a single-figure number of shift states, so 32
N     * bits is sufficient for any of these. UTF-8 encoding a full
N     * 32-bit value is the hardest thing to deal with, and in that
N     * situation the worst case is having to store 25 bits of
N     * character (1111110x 10xxxxxx 10xxxxxx 10xxxxxx 10xxxxxx) plus
N     * a few bits saying what sort of state is being stored. This is
N     * still easy enough to fit into 32 bits, so I think a single
N     * 32-bit integer is enough in here.
N     */
N    typedef struct __mbstate_t {
N        unsigned int __state, __state2;
N    } mbstate_t;
N
N    /*
N     * `struct tm' must be declared in this header as an incomplete
N     * type.
N     */
N    struct tm;
N            
N    extern _ARMABI size_t wcsftime(wchar_t * __restrict /*s*/, size_t /*maxsize*/,
X    extern __declspec(__nothrow) size_t wcsftime(wchar_t * __restrict  , size_t  ,
N                       const wchar_t * __restrict /*format*/, const struct tm * __restrict /*timeptr*/) __attribute__((__nonnull__(1,3,4)));
N
N  #ifndef __ARM_WCHAR_NO_IO
N    /*
N     * Formatted wide-character I/O functions
N     */
N#pragma __printf_args
N    int swprintf(wchar_t * __restrict /*s*/, size_t /*n*/,
N                 const wchar_t * __restrict /*format*/, ...) __attribute__((__nonnull__(3)));
N#pragma __printf_args
N    int vswprintf(wchar_t * __restrict /*s*/, size_t /*n*/,
N                  const wchar_t * __restrict /*format*/, __va_list /*arg*/) __attribute__((__nonnull__(3)));
N#pragma __scanf_args
N    int swscanf(const wchar_t * __restrict /*s*/,
N                const wchar_t * __restrict /*format*/, ...) __attribute__((__nonnull__(1,2)));
N#pragma __scanf_args
N    int vswscanf(const wchar_t * __restrict /*s*/,
N                 const wchar_t * __restrict /*format*/, __va_list /*arg*/) __attribute__((__nonnull__(1,2)));
N
N
N#pragma __printf_args
N    int fwprintf(struct __FILE * __restrict /*stream*/,
N                 const wchar_t * __restrict /*format*/, ...) __attribute__((__nonnull__(1,2)));
N#pragma __printf_args
N    int vfwprintf(struct __FILE * __restrict /*stream*/,
N                  const wchar_t * __restrict /*format*/, __va_list /*arg*/) __attribute__((__nonnull__(1,2)));
N#pragma __scanf_args
N    int fwscanf(struct __FILE * __restrict /*stream*/,
N                const wchar_t * __restrict /*format*/, ...) __attribute__((__nonnull__(1,2)));
N#pragma __scanf_args
N    int vfwscanf(struct __FILE * __restrict /*stream*/,
N                 const wchar_t * __restrict /*format*/, __va_list /*arg*/) __attribute__((__nonnull__(1,2)));
N
N
N#pragma __printf_args
N    int wprintf(const wchar_t * __restrict /*format*/, ...) __attribute__((__nonnull__(1)));
N#pragma __printf_args
N    int vwprintf(const wchar_t * __restrict /*format*/, __va_list /*arg*/) __attribute__((__nonnull__(1)));
N#pragma __scanf_args
N    int wscanf(const wchar_t * __restrict /*format*/, ...) __attribute__((__nonnull__(1)));
N#pragma __scanf_args
N    int vwscanf(const wchar_t * __restrict /*format*/, __va_list /*arg*/) __attribute__((__nonnull__(1)));
N
N    /* 
N     * Unformatted wide-character I/O functions
N     */
N    wint_t fgetwc(struct __FILE * /*stream*/) __attribute__((__nonnull__(1)));
N    wchar_t *fgetws(wchar_t * __restrict /*s*/, int /*n*/, struct __FILE * __restrict /*stream*/) __attribute__((__nonnull__(1,3)));
N    wint_t fputwc(wchar_t /*c*/, struct __FILE * /*stream*/) __attribute__((__nonnull__(2)));
N    int fputws(const wchar_t * __restrict /*s*/, struct __FILE * __restrict /*stream*/) __attribute__((__nonnull__(1,2)));
N    int fwide(struct __FILE * /*stream*/, int /*mode*/) __attribute__((__nonnull__(1)));
N    wint_t getwc(struct __FILE * /*stream*/) __attribute__((__nonnull__(1)));
N    wint_t getwchar(void);
N    wint_t putwc(wchar_t /*c*/, struct __FILE * /*stream*/) __attribute__((__nonnull__(2)));
N    wint_t putwchar(wchar_t /*c*/);
N    wint_t ungetwc(wint_t /*c*/, struct __FILE * /*stream*/) __attribute__((__nonnull__(2)));
N  #endif /* __ARM_WCHAR_NO_IO */
N
N    wint_t btowc(int /*c*/);
N    wint_t wctob(int /*c*/);
N    int mbsinit(const mbstate_t * /*ps*/);
N    size_t mbrlen(const char * __restrict /*s*/, size_t /*n*/,
N                  mbstate_t * __restrict /*ps*/);
N    size_t mbrtowc(wchar_t * __restrict /*pwc*/,
N                   const char * __restrict /*s*/,
N                   size_t /*n*/, mbstate_t * __restrict /*ps*/);
N    size_t wcrtomb(char * __restrict /*s*/, wchar_t /*wc*/,
N                   mbstate_t * __restrict /*ps*/);
N    size_t mbsrtowcs(wchar_t * __restrict /*dst*/,
N                     const char ** __restrict /*src*/,
N                     size_t /*len*/, mbstate_t * __restrict /*ps*/) __attribute__((__nonnull__(2)));
N    size_t wcsrtombs(char * __restrict /*dst*/,
N                     const wchar_t ** __restrict /*src*/,
N                     size_t /*len*/, mbstate_t * __restrict /*ps*/) __attribute__((__nonnull__(2)));
N    size_t _mbsnrtowcs(wchar_t * __restrict /*dst*/,
N                       const char ** __restrict /*src*/,
N                       size_t /*nmb*/,
N                       size_t /*len*/, mbstate_t * __restrict /*ps*/) __attribute__((__nonnull__(2)));
N    size_t _wcsnrtombs(char * __restrict /*dst*/,
N                       const wchar_t ** __restrict /*src*/,
N                       size_t /*nwc*/,
N                       size_t /*len*/, mbstate_t * __restrict /*ps*/) __attribute__((__nonnull__(2)));
N#if !defined(__STRICT_ANSI__)
X#if !0L
N    size_t mbsnrtowcs(wchar_t * __restrict /*dst*/,
N                      const char ** __restrict /*src*/,
N                      size_t /*nmb*/,
N                      size_t /*len*/, mbstate_t * __restrict /*ps*/) __attribute__((__nonnull__(2)));
N    size_t wcsnrtombs(char * __restrict /*dst*/,
N                      const wchar_t ** __restrict /*src*/,
N                      size_t /*nwc*/,
N                      size_t /*len*/, mbstate_t * __restrict /*ps*/) __attribute__((__nonnull__(2)));
N#endif
N
N    /*
N     * Wide-character string-to-number conversions. Parallel to strto*.
N     */
N    double wcstod(const wchar_t * /*nptr*/, wchar_t ** /*endptr*/) __attribute__((__nonnull__(1)));
N    float wcstof(const wchar_t * /*nptr*/, wchar_t ** /*endptr*/) __attribute__((__nonnull__(1)));
N    long double wcstold(const wchar_t * /*nptr*/, wchar_t ** /*endptr*/) __attribute__((__nonnull__(1)));
N    long int wcstol(const wchar_t * /*nptr*/, wchar_t **/*endptr*/,
N                    int /*base*/) __attribute__((__nonnull__(1)));
N    unsigned long int wcstoul(const wchar_t * /*nptr*/,
N                              wchar_t ** /*endptr*/, int /*base*/) __attribute__((__nonnull__(1)));
N#if !defined(__STRICT_ANSI__) || (defined(__STDC_VERSION__) && 199901L <= __STDC_VERSION__) || (defined(__cplusplus) && 201103L <= __cplusplus)
X#if !0L || (1L && 199901L <= 199901L) || (0L && 201103L <= __cplusplus)
N    long long int wcstoll(const wchar_t * __restrict /*nptr*/,
N                          wchar_t ** __restrict /*endptr*/, int /*base*/) __attribute__((__nonnull__(1)));
N    unsigned long long int wcstoull(const wchar_t * __restrict /*nptr*/,
N                                    wchar_t ** __restrict /*endptr*/,
N                                    int /*base*/) __attribute__((__nonnull__(1)));
N#endif
N
N    /*
N     * General wide-character string utilities.
N     */
N    wchar_t *wcscpy(wchar_t * __restrict /*s1*/,
N                    const wchar_t * __restrict /*s2*/) __attribute__((__nonnull__(1,2)));
N    wchar_t *wcsncpy(wchar_t * __restrict /*s1*/,
N                     const wchar_t * __restrict /*s2*/, size_t /*n*/) __attribute__((__nonnull__(1,2)));
N    wchar_t *wmemcpy(wchar_t * __restrict /*s1*/,
N                     const wchar_t * __restrict /*s2*/, size_t /*n*/) __attribute__((__nonnull__(1,2)));
N    wchar_t *wmemmove(wchar_t * __restrict /*s1*/,
N                      const wchar_t * __restrict /*s2*/, size_t /*n*/) __attribute__((__nonnull__(1,2)));
N    wchar_t *wcscat(wchar_t * __restrict /*s1*/,
N                    const wchar_t * __restrict /*s2*/) __attribute__((__nonnull__(1,2)));
N    wchar_t *wcsncat(wchar_t * __restrict /*s1*/,
N                     const wchar_t * __restrict /*s2*/, size_t /*n*/) __attribute__((__nonnull__(1,2)));
N    int wcscmp(const wchar_t * __restrict /*s1*/,
N               const wchar_t * __restrict /*s2*/) __attribute__((__nonnull__(1,2)));
N    int wcsncmp(const wchar_t * __restrict /*s1*/,
N                const wchar_t * __restrict /*s2*/, size_t /*n*/) __attribute__((__nonnull__(1,2)));
N    int wcscasecmp(const wchar_t * __restrict /*s1*/,
N                   const wchar_t * __restrict /*s2*/) __attribute__((__nonnull__(1,2)));
N    int wcsncasecmp(const wchar_t * __restrict /*s1*/,
N                    const wchar_t * __restrict /*s2*/, size_t /*n*/) __attribute__((__nonnull__(1,2)));
N    int wcscoll(const wchar_t * __restrict /*s1*/,
N                const wchar_t * __restrict /*s2*/) __attribute__((__nonnull__(1,2)));
N    size_t wcsxfrm(wchar_t * __restrict /*s1*/,
N                   const wchar_t * __restrict /*s2*/, size_t /*n*/) __attribute__((__nonnull__(2)));
N    int wmemcmp(const wchar_t * __restrict /*s1*/,
N                const wchar_t * __restrict /*s2*/, size_t /*n*/) __attribute__((__nonnull__(1,2)));
N    size_t wcscspn(const wchar_t * __restrict /*s1*/,
N                   const wchar_t * __restrict /*s2*/) __attribute__((__nonnull__(1,2)));
N    size_t wcsspn(const wchar_t * __restrict /*s1*/,
N                  const wchar_t * __restrict /*s2*/) __attribute__((__nonnull__(1,2)));
N    wchar_t *wcstok(wchar_t * __restrict /*s1*/,
N                    const wchar_t * __restrict /*s2*/,
N                    wchar_t ** __restrict /*ptr*/) __attribute__((__nonnull__(2,3)));
N    size_t wcslen(const wchar_t * __restrict /*s*/) __attribute__((__nonnull__(1)));
N    wchar_t *wmemset(wchar_t * __restrict /*s*/, wchar_t /*c*/, size_t /*n*/) __attribute__((__nonnull__(1)));
N
N#if defined(__cplusplus) && !defined(__ARMCOMPILER_LIBCXX)
X#if 0L && !0L
S    /*
S     * C++'s overloading allows us to provide versions of these
S     * functions which search a const string and return a const
S     * pointer into it, and separate versions which search a
S     * non-const string and return a non-const pointer.
S     */
S    const wchar_t *wcschr(const wchar_t * __restrict /*s*/, wchar_t /*c*/) __attribute__((__nonnull__(1)));
S    const wchar_t *wcspbrk(const wchar_t * __restrict /*s1*/,
S                           const wchar_t * __restrict /*s2*/) __attribute__((__nonnull__(1,2)));
S    const wchar_t *wcsrchr(const wchar_t * __restrict /*s*/, wchar_t /*c*/) __attribute__((__nonnull__(1)));
S    const wchar_t *wcsstr(const wchar_t * __restrict /*s1*/,
S                          const wchar_t * __restrict /*s2*/) __attribute__((__nonnull__(1,2)));
S    const wchar_t *wmemchr(const wchar_t * __restrict /*s*/, wchar_t /*c*/,
S                           size_t /*n*/) __attribute__((__nonnull__(1)));
S#ifndef __WCHAR_DISABLED
S    extern "C++" wchar_t *wcschr(wchar_t * __restrict __s, wchar_t __c) __attribute__((__nonnull__(1)));
S    extern "C++" inline wchar_t *wcschr(wchar_t * __restrict __s, wchar_t __c)
S      { return const_cast<wchar_t *>(wcschr(const_cast<const wchar_t *>(__s), __c)); }
S    extern "C++" wchar_t *wcspbrk(wchar_t * __restrict __s1, const wchar_t * __restrict __s2) __attribute__((__nonnull__(1,2)));
S    extern "C++" inline wchar_t *wcspbrk(wchar_t * __restrict __s1, const wchar_t * __restrict __s2)
S      { return const_cast<wchar_t *>(wcspbrk(const_cast<const wchar_t *>(__s1), __s2)); }
S    extern "C++" wchar_t *wcsrchr(wchar_t * __restrict __s, wchar_t __c) __attribute__((__nonnull__(1)));
S    extern "C++" inline wchar_t *wcsrchr(wchar_t * __restrict __s, wchar_t __c)
S      { return const_cast<wchar_t *>(wcsrchr(const_cast<const wchar_t *>(__s), __c)); }
S    extern "C++" wchar_t *wcsstr(wchar_t * __restrict __s1,
S                          const wchar_t * __restrict __s2) __attribute__((__nonnull__(1,2)));
S    extern "C++" inline wchar_t *wcsstr(wchar_t * __restrict __s1,
S                          const wchar_t * __restrict __s2)
S      { return const_cast<wchar_t *>(wcsstr(const_cast<const wchar_t *>(__s1), __s2)); }
S    extern "C++" wchar_t *wmemchr(wchar_t * __restrict __s, wchar_t __c,
S                                  size_t __n) __attribute__((__nonnull__(1)));
S    extern "C++" inline wchar_t *wmemchr(wchar_t * __restrict __s, wchar_t __c,
S                                  size_t __n)
S    { return const_cast<wchar_t *>(wmemchr(const_cast<const wchar_t *>(__s), __c, __n)); }
S#endif
N#else
N    /*
N     * C's approximation to the above is to have all of these
N     * functions search a const string and return a non-const
N     * pointer. This is the only way to prevent compile errors in
N     * all sensible uses of the functions, but unfortunately
N     * renders them unable to spot a lot of the possible error
N     * cases.
N     */
N#if defined(__cplusplus) && defined(__ARMCOMPILER_LIBCXX)
X#if 0L && 0L
S  }  /* extern "C" */
S  }  /* namespace std */
S  extern "C" {
N#endif
N    wchar_t *wcschr(const wchar_t * __restrict /*s*/, wchar_t /*c*/) __attribute__((__nonnull__(1)));
N    wchar_t *wcspbrk(const wchar_t * __restrict /*s1*/,
N                     const wchar_t * __restrict /*s2*/) __attribute__((__nonnull__(1,2)));
N    wchar_t *wcsrchr(const wchar_t * __restrict /*s*/, wchar_t /*c*/) __attribute__((__nonnull__(1)));
N    wchar_t *wcsstr(const wchar_t * __restrict /*s1*/,
N                    const wchar_t * __restrict /*s2*/) __attribute__((__nonnull__(1,2)));
N    wchar_t *wmemchr(const wchar_t * __restrict /*s*/, wchar_t /*c*/,
N                     __CLIBNS size_t /*n*/) __attribute__((__nonnull__(1)));
X                      size_t  ) __attribute__((__nonnull__(1)));
N#if defined(__cplusplus) && defined(__ARMCOMPILER_LIBCXX)
X#if 0L && 0L
S  }  /* extern "C" */
S  namespace std {
S  extern "C" {
N#endif
N#endif
N
N    #ifdef __cplusplus
S         }  /* extern "C" */
S      }  /* namespace std */
N    #endif /* __cplusplus */
N  #endif /* __WCHAR_DECLS */
N
N  #if _AEABI_PORTABILITY_LEVEL != 0 && !defined _AEABI_PORTABLE
X  #if _AEABI_PORTABILITY_LEVEL != 0 && !0L
S    #define _AEABI_PORTABLE
N  #endif
N
N  #ifdef __cplusplus
S    #ifndef __WCHAR_NO_EXPORTS
S      using ::std::size_t;
S      using ::std::wint_t;
S      using ::std::mbstate_t;
S      using ::std::tm;
S      using ::std::wcsftime;
S    #ifndef __ARM_WCHAR_NO_IO
S      using ::std::swprintf;
S      using ::std::vswprintf;
S      using ::std::swscanf;
S      using ::std::vswscanf;
S      using ::std::fwprintf;
S      using ::std::vfwprintf;
S      using ::std::fwscanf;
S      using ::std::vfwscanf;
S      using ::std::wprintf;
S      using ::std::vwprintf;
S      using ::std::wscanf;
S      using ::std::vwscanf;
S      using ::std::fgetwc;
S      using ::std::fgetws;
S      using ::std::fputwc;
S      using ::std::fputws;
S      using ::std::fwide;
S      using ::std::getwc;
S      using ::std::getwchar;
S      using ::std::putwc;
S      using ::std::putwchar;
S      using ::std::ungetwc;
S      using ::std::btowc;
S    #endif /* __ARM_WCHAR_NO_IO */
S      using ::std::wctob;
S      using ::std::mbsinit;
S      using ::std::mbrlen;
S      using ::std::mbrtowc;
S      using ::std::wcrtomb;
S      using ::std::mbsrtowcs;
S      using ::std::wcsrtombs;
S      using ::std::_mbsnrtowcs;
S      using ::std::_wcsnrtombs;
S#if !defined(__STRICT_ANSI__)
S      using ::std::mbsnrtowcs;
S      using ::std::wcsnrtombs;
S#endif
S      using ::std::wcstod;
S      using ::std::wcstof;
S      using ::std::wcstold;
S      using ::std::wcstol;
S      using ::std::wcstoul;
S#if !defined(__STRICT_ANSI__) || (defined(__STDC_VERSION__) && 199901L <= __STDC_VERSION__) || (defined(__cplusplus) && 201103L <= __cplusplus)
S      using ::std::wcstoll;
S      using ::std::wcstoull;
S#endif /* !defined(__STRICT_ANSI__) || (defined(__STDC_VERSION__) && 199901L <= __STDC_VERSION__) || (defined(__cplusplus) && 201103L <= __cplusplus) */
S      using ::std::wcscpy;
S      using ::std::wcsncpy;
S      using ::std::wmemcpy;
S      using ::std::wmemmove;
S      using ::std::wcscat;
S      using ::std::wcsncat;
S      using ::std::wcscmp;
S      using ::std::wcsncmp;
S      using ::std::wcscasecmp;
S      using ::std::wcsncasecmp;
S      using ::std::wcscoll;
S      using ::std::wcsxfrm;
S      using ::std::wmemcmp;
S#if defined(__cplusplus) && !defined(__ARMCOMPILER_LIBCXX)
S      using ::std::wcschr;
S      using ::std::wcspbrk;
S      using ::std::wcsrchr;
S      using ::std::wcsstr;
S      using ::std::wmemchr;
S#endif /* defined(__cplusplus) && !defined(__ARMCOMPILER_LIBCXX) */
S      using ::std::wcscspn;
S      using ::std::wcsspn;
S      using ::std::wcstok;
S      using ::std::wcslen;
S      using ::std::wmemset;
S#if !defined(__STRICT_ANSI__) && !defined(__ARM_WCHAR_NO_IO)
S      using ::std::FILE;
S#endif
S    #endif /* __WCHAR_NO_EXPORTS */
N  #endif /* __cplusplus */
N#endif /* ndef __wchar_h */
N
N/* end of wchar.h */
N
L 6 "..\..\..\module\common\x_cross_platform.h" 2
N
N#define X_Void      void
Ntypedef int8_t      X_Int8;
Ntypedef uint8_t     X_UInt8;
Ntypedef int16_t     X_Int16;
Ntypedef uint16_t    X_UInt16;
Ntypedef int32_t     X_Int32;
Ntypedef uint32_t    X_UInt32;
Ntypedef int64_t     X_Int64;
Ntypedef uint64_t    X_UInt64;
Ntypedef float       X_Float32;
Ntypedef double      X_Float64;
Ntypedef char        X_Char;
Ntypedef wchar_t     X_WChar;
N
Ntypedef unsigned int    X_UInt;
Ntypedef int             X_Int;
Ntypedef X_Int64         X_IntLongest;
Ntypedef X_UInt64        X_UIntLongest;
N
N#define X_Null              ((X_Void*)0)
N
Ntypedef int                 X_Boolean;
N#define X_True              (0 == 0)
N#define X_False             (0 != 0)
N
N#define MapperAssertion     ((sizeof(X_Int8) == 1) && (sizeof(X_UInt8) == 1) && (sizeof(X_Int16) == 2) && (sizeof(X_UInt16) == 2) && (sizeof(X_Int32) == 4) && (sizeof(X_UInt32) == 4) && (sizeof(X_Float32) == 4) && (sizeof(X_Float64) == 8))
N
N#ifndef __FUNCTION__
N    #define __FUNCTION__  "not support "
N#endif
N
N#ifndef __func__  
N    #define __func__    "not support "
N#endif
N
N/*
N这两个宏都可以用于获取当前函数名称，但它们在使用方式和适用范围上有所不同。 
N 
N __FUNCTION__  宏会在编译时被替换为当前函数的名称字符串，可以在任何函数中使用，包括全局作用域。但是它不是标准宏，不被所有编译器都支持。 
N 
N __func__  宏是C99标准的一部分，支持更广泛，并且也会在编译时被替换为当前函数的名称字符串。它只能在函数内使用，因此对于全局作用域或类作用域中的函数， __FUNCTION__  可能是更好的选择。 
N 
N因此，如果你的编译器支持  __FUNCTION__ ，并且你不需要跨编译器移植代码，则  __FUNCTION__  可以是更通用的选择。如果需要与不同类型的编译器和标准兼容，则应使用  __func__ 。
N*/
N
N#endif
L 9 "..\..\..\module\common\AppCommon.h" 2
N
N#ifndef CopyBuffer
N          
N  #ifdef ARM_COMPILER_PRESENT
N    static __inline X_Void __CopyBuffer(X_Void const* src, X_Void* dst, X_UInt length)
X    static __inline void __CopyBuffer(void const* src, void* dst, X_UInt length)
N  #endif
N  #ifdef IAR_COMPILER_PRESENT
S    #pragma inline
S    static X_Void __CopyBuffer(X_Void const* src, X_Void* dst, X_UInt length)
N  #endif
N{
N    X_UInt8 const* _src;
N    X_UInt8* _dst;
N
N    _src = (X_UInt8 const*)src;
N    _dst = (X_UInt8*)dst;
N
N    while (length != 0)
N    {
N        *_dst = *_src;
N        ++_dst;
N        ++_src;
N        --length;
N    }
N}
N#define CopyBuffer  __CopyBuffer
N#endif
N
N#ifndef ByteGetCheckSum
N
N  #ifdef ARM_COMPILER_PRESENT
N    static __inline uint16_t __ByteGetCheckSum(uint8_t const* src, uint16_t length)
N  #endif
N  #ifdef IAR_COMPILER_PRESENT
S    #pragma inline
S    static uint16_t __ByteGetCheckSum(uint8_t const* src, uint16_t length)
N  #endif
N{
N   uint16_t i,sum;
N	
N	 if(src == X_Null) {return 0;}
X	 if(src == ((void*)0)) {return 0;}
N	 sum = 0;
N	 for(i=0;i<length;i++)
N	 {
N		 sum = src[i] + sum;
N	 }
N	 return sum;
N}
N#define ByteGetCheckSum  __ByteGetCheckSum
N
N#endif
N
NX_Void byteBufInit(uint8_t *p_buf,uint16_t length,uint8_t init_value);
Xvoid byteBufInit(uint8_t *p_buf,uint16_t length,uint8_t init_value);
NX_Void twobyteBufInit(uint16_t *p_buf,uint16_t length,uint16_t init_value);
Xvoid twobyteBufInit(uint16_t *p_buf,uint16_t length,uint16_t init_value);
Nuint16_t TwoBytesReverse(uint16_t src);
Nuint32_t FourBytesReverse(uint32_t src);
Nuint16_t GetCRC(uint16_t crc_init,const uint8_t *p_data,uint32_t length);
N#ifdef __cplusplus
S		}
N#endif
N
N#endif
L 2 "..\..\..\module\common\AppCommon.c" 2
N#include <stdlib.h>
L 1 "D:\Program Files\ARM\ARMCC\Bin\..\include\stdlib.h" 1
N/* stdlib.h: ANSI draft (X3J11 May 88) library header, section 4.10 */
N/* Copyright (C) Codemist Ltd., 1988-1993.                          */
N/* Copyright 1991-1998,2014 ARM Limited. All rights reserved.       */
N/*
N * RCS $Revision$
N * Checkin $Date$
N * Revising $Author: agrant $
N */
N 
N/*
N * stdlib.h declares four types, several general purpose functions,
N * and defines several macros.
N */
N
N#ifndef __stdlib_h
N#define __stdlib_h
N#define __ARMCLIB_VERSION 5060037
N
N#if defined(__clang__) || (defined(__ARMCC_VERSION) && !defined(__STRICT_ANSI__))
X#if 0L || (1L && !0L)
N  /* armclang and non-strict armcc allow 'long long' in system headers */
N  #define __LONGLONG long long
N#else
S  /* strict armcc has '__int64' */
S  #define __LONGLONG __int64
N#endif
N
N#define _ARMABI __declspec(__nothrow)
N#define _ARMABI_PURE __declspec(__nothrow) __attribute__((const))
N#define _ARMABI_NORETURN __declspec(__nothrow) __declspec(__noreturn)
N#define _ARMABI_THROW
N
N  #ifndef __STDLIB_DECLS
N  #define __STDLIB_DECLS
N
N  /*
N   * Some of these declarations are new in C99.  To access them in C++
N   * you can use -D__USE_C99_STDLIB (or -D__USE_C99ALL).
N   */
N  #ifndef __USE_C99_STDLIB
N    #if defined(__USE_C99_ALL) || (defined(__STDC_VERSION__) && 199901L <= __STDC_VERSION__) || (defined(__cplusplus) && 201103L <= __cplusplus)
X    #if 0L || (1L && 199901L <= 199901L) || (0L && 201103L <= __cplusplus)
N      #define __USE_C99_STDLIB 1
N    #endif
N  #endif
N
N    #undef __CLIBNS
N
N    #ifdef __cplusplus
S      namespace std {
S          #define __CLIBNS ::std::
S          extern "C" {
N    #else
N      #define __CLIBNS
N    #endif  /* __cplusplus */
N
N#if defined(__cplusplus) || !defined(__STRICT_ANSI__)
X#if 0L || !0L
N /* unconditional in C++ and non-strict C for consistency of debug info */
N  #if __sizeof_ptr == 8
X  #if 4 == 8
S    typedef unsigned long size_t;   /* see <stddef.h> */
N  #else
N    typedef unsigned int size_t;   /* see <stddef.h> */
N  #endif
N#elif !defined(__size_t)
S  #define __size_t 1
S  #if __sizeof_ptr == 8
S    typedef unsigned long size_t;   /* see <stddef.h> */
S  #else
S    typedef unsigned int size_t;   /* see <stddef.h> */
S  #endif
N#endif
N
N#undef NULL
N#define NULL 0                   /* see <stddef.h> */
N
N#ifndef __cplusplus  /* wchar_t is a builtin type for C++ */
N  #if !defined(__STRICT_ANSI__)
X  #if !0L
N   /* unconditional in non-strict C for consistency of debug info */
N   #if defined(__WCHAR32) || (defined(__ARM_SIZEOF_WCHAR_T) && __ARM_SIZEOF_WCHAR_T == 4)
X   #if 0L || (0L && __ARM_SIZEOF_WCHAR_T == 4)
S    typedef unsigned int wchar_t; /* see <stddef.h> */
N   #else
N    typedef unsigned short wchar_t; /* see <stddef.h> */
N   #endif
N  #elif !defined(__wchar_t)
S    #define __wchar_t 1
S   #if defined(__WCHAR32) || (defined(__ARM_SIZEOF_WCHAR_T) && __ARM_SIZEOF_WCHAR_T == 4)
S    typedef unsigned int wchar_t; /* see <stddef.h> */
S   #else
S    typedef unsigned short wchar_t; /* see <stddef.h> */
S   #endif
N  #endif
N#endif
N
Ntypedef struct div_t { int quot, rem; } div_t;
N   /* type of the value returned by the div function. */
Ntypedef struct ldiv_t { long int quot, rem; } ldiv_t;
N   /* type of the value returned by the ldiv function. */
N#if !defined(__STRICT_ANSI__) || __USE_C99_STDLIB
X#if !0L || 1
Ntypedef struct lldiv_t { __LONGLONG quot, rem; } lldiv_t;
Xtypedef struct lldiv_t { long long quot, rem; } lldiv_t;
N   /* type of the value returned by the lldiv function. */
N#endif
N
N#ifdef __EXIT_FAILURE
S#  define EXIT_FAILURE __EXIT_FAILURE
S   /*
S    * an integral expression which may be used as an argument to the exit
S    * function to return unsuccessful termination status to the host
S    * environment.
S    */
N#else
N#  define EXIT_FAILURE 1  /* unixoid */
N#endif
N#define EXIT_SUCCESS 0
N   /*
N    * an integral expression which may be used as an argument to the exit
N    * function to return successful termination status to the host
N    * environment.
N    */
N
N   /*
N    * Defining __USE_ANSI_EXAMPLE_RAND at compile time switches to
N    * the example implementation of rand() and srand() provided in
N    * the ANSI C standard. This implementation is very poor, but is
N    * provided for completeness.
N    */
N#ifdef __USE_ANSI_EXAMPLE_RAND
S#define srand _ANSI_srand
S#define rand _ANSI_rand
S#define RAND_MAX 0x7fff
N#else
N#define RAND_MAX 0x7fffffff
N#endif
N   /*
N    * RAND_MAX: an integral constant expression, the value of which
N    * is the maximum value returned by the rand function.
N    */
Nextern _ARMABI int __aeabi_MB_CUR_MAX(void);
Xextern __declspec(__nothrow) int __aeabi_MB_CUR_MAX(void);
N#define MB_CUR_MAX ( __aeabi_MB_CUR_MAX() )
N   /*
N    * a positive integer expression whose value is the maximum number of bytes
N    * in a multibyte character for the extended character set specified by the
N    * current locale (category LC_CTYPE), and whose value is never greater
N    * than MB_LEN_MAX.
N    */
N
N   /*
N    * If the compiler supports signalling nans as per N965 then it
N    * will define __SUPPORT_SNAN__, in which case a user may define
N    * _WANT_SNAN in order to obtain a compliant version of the strtod
N    * family of functions.
N    */
N#if defined(__SUPPORT_SNAN__) && defined(_WANT_SNAN)
X#if 0L && 0L
S#pragma import(__use_snan)
N#endif
N
Nextern _ARMABI double atof(const char * /*nptr*/) __attribute__((__nonnull__(1)));
Xextern __declspec(__nothrow) double atof(const char *  ) __attribute__((__nonnull__(1)));
N   /*
N    * converts the initial part of the string pointed to by nptr to double
N    * representation.
N    * Returns: the converted value.
N    */
Nextern _ARMABI int atoi(const char * /*nptr*/) __attribute__((__nonnull__(1)));
Xextern __declspec(__nothrow) int atoi(const char *  ) __attribute__((__nonnull__(1)));
N   /*
N    * converts the initial part of the string pointed to by nptr to int
N    * representation.
N    * Returns: the converted value.
N    */
Nextern _ARMABI long int atol(const char * /*nptr*/) __attribute__((__nonnull__(1)));
Xextern __declspec(__nothrow) long int atol(const char *  ) __attribute__((__nonnull__(1)));
N   /*
N    * converts the initial part of the string pointed to by nptr to long int
N    * representation.
N    * Returns: the converted value.
N    */
N#if !defined(__STRICT_ANSI__) || __USE_C99_STDLIB
X#if !0L || 1
Nextern _ARMABI __LONGLONG atoll(const char * /*nptr*/) __attribute__((__nonnull__(1)));
Xextern __declspec(__nothrow) long long atoll(const char *  ) __attribute__((__nonnull__(1)));
N   /*
N    * converts the initial part of the string pointed to by nptr to
N    * long long int representation.
N    * Returns: the converted value.
N    */
N#endif
N
Nextern _ARMABI double strtod(const char * __restrict /*nptr*/, char ** __restrict /*endptr*/) __attribute__((__nonnull__(1)));
Xextern __declspec(__nothrow) double strtod(const char * __restrict  , char ** __restrict  ) __attribute__((__nonnull__(1)));
N   /*
N    * converts the initial part of the string pointed to by nptr to double
N    * representation. First it decomposes the input string into three parts:
N    * an initial, possibly empty, sequence of white-space characters (as
N    * specified by the isspace function), a subject sequence resembling a
N    * floating point constant; and a final string of one or more unrecognised
N    * characters, including the terminating null character of the input string.
N    * Then it attempts to convert the subject sequence to a floating point
N    * number, and returns the result. A pointer to the final string is stored
N    * in the object pointed to by endptr, provided that endptr is not a null
N    * pointer.
N    * Returns: the converted value if any. If no conversion could be performed,
N    *          zero is returned. If the correct value is outside the range of
N    *          representable values, plus or minus HUGE_VAL is returned
N    *          (according to the sign of the value), and the value of the macro
N    *          ERANGE is stored in errno. If the correct value would cause
N    *          underflow, zero is returned and the value of the macro ERANGE is
N    *          stored in errno.
N    */
N#if !defined(__STRICT_ANSI__) || __USE_C99_STDLIB
X#if !0L || 1
Nextern _ARMABI float strtof(const char * __restrict /*nptr*/, char ** __restrict /*endptr*/) __attribute__((__nonnull__(1)));
Xextern __declspec(__nothrow) float strtof(const char * __restrict  , char ** __restrict  ) __attribute__((__nonnull__(1)));
Nextern _ARMABI long double strtold(const char * __restrict /*nptr*/, char ** __restrict /*endptr*/) __attribute__((__nonnull__(1)));
Xextern __declspec(__nothrow) long double strtold(const char * __restrict  , char ** __restrict  ) __attribute__((__nonnull__(1)));
N   /*
N    * same as strtod, but return float and long double respectively.
N    */
N#endif
Nextern _ARMABI long int strtol(const char * __restrict /*nptr*/,
Xextern __declspec(__nothrow) long int strtol(const char * __restrict  ,
N                        char ** __restrict /*endptr*/, int /*base*/) __attribute__((__nonnull__(1)));
N   /*
N    * converts the initial part of the string pointed to by nptr to long int
N    * representation. First it decomposes the input string into three parts:
N    * an initial, possibly empty, sequence of white-space characters (as
N    * specified by the isspace function), a subject sequence resembling an
N    * integer represented in some radix determined by the value of base, and a
N    * final string of one or more unrecognised characters, including the
N    * terminating null character of the input string. Then it attempts to
N    * convert the subject sequence to an integer, and returns the result.
N    * If the value of base is 0, the expected form of the subject sequence is
N    * that of an integer constant (described in ANSI Draft, section 3.1.3.2),
N    * optionally preceded by a '+' or '-' sign, but not including an integer
N    * suffix. If the value of base is between 2 and 36, the expected form of
N    * the subject sequence is a sequence of letters and digits representing an
N    * integer with the radix specified by base, optionally preceded by a plus
N    * or minus sign, but not including an integer suffix. The letters from a
N    * (or A) through z (or Z) are ascribed the values 10 to 35; only letters
N    * whose ascribed values are less than that of the base are permitted. If
N    * the value of base is 16, the characters 0x or 0X may optionally precede
N    * the sequence of letters and digits following the sign if present.
N    * A pointer to the final string is stored in the object
N    * pointed to by endptr, provided that endptr is not a null pointer.
N    * Returns: the converted value if any. If no conversion could be performed,
N    *          zero is returned and nptr is stored in *endptr.
N    *          If the correct value is outside the range of
N    *          representable values, LONG_MAX or LONG_MIN is returned
N    *          (according to the sign of the value), and the value of the
N    *          macro ERANGE is stored in errno.
N    */
Nextern _ARMABI unsigned long int strtoul(const char * __restrict /*nptr*/,
Xextern __declspec(__nothrow) unsigned long int strtoul(const char * __restrict  ,
N                                       char ** __restrict /*endptr*/, int /*base*/) __attribute__((__nonnull__(1)));
N   /*
N    * converts the initial part of the string pointed to by nptr to unsigned
N    * long int representation. First it decomposes the input string into three
N    * parts: an initial, possibly empty, sequence of white-space characters (as
N    * determined by the isspace function), a subject sequence resembling an
N    * unsigned integer represented in some radix determined by the value of
N    * base, and a final string of one or more unrecognised characters,
N    * including the terminating null character of the input string. Then it
N    * attempts to convert the subject sequence to an unsigned integer, and
N    * returns the result. If the value of base is zero, the expected form of
N    * the subject sequence is that of an integer constant (described in ANSI
N    * Draft, section 3.1.3.2), optionally preceded by a '+' or '-' sign, but
N    * not including an integer suffix. If the value of base is between 2 and
N    * 36, the expected form of the subject sequence is a sequence of letters
N    * and digits representing an integer with the radix specified by base,
N    * optionally preceded by a '+' or '-' sign, but not including an integer
N    * suffix. The letters from a (or A) through z (or Z) stand for the values
N    * 10 to 35; only letters whose ascribed values are less than that of the
N    * base are permitted. If the value of base is 16, the characters 0x or 0X
N    * may optionally precede the sequence of letters and digits following the
N    * sign, if present. A pointer to the final string is stored in the object
N    * pointed to by endptr, provided that endptr is not a null pointer.
N    * Returns: the converted value if any. If no conversion could be performed,
N    *          zero is returned and nptr is stored in *endptr.
N    *          If the correct value is outside the range of
N    *          representable values, ULONG_MAX is returned, and the value of
N    *          the macro ERANGE is stored in errno.
N    */
N
N/* C90 reserves all names beginning with 'str' */
Nextern _ARMABI __LONGLONG strtoll(const char * __restrict /*nptr*/,
Xextern __declspec(__nothrow) long long strtoll(const char * __restrict  ,
N                                  char ** __restrict /*endptr*/, int /*base*/)
N                          __attribute__((__nonnull__(1)));
N   /*
N    * as strtol but returns a long long int value.  If the correct value is
N    * outside the range of representable values,  LLONG_MAX or LLONG_MIN is
N    * returned (according to the sign of the value), and the value of the
N    * macro ERANGE is stored in errno.
N    */
Nextern _ARMABI unsigned __LONGLONG strtoull(const char * __restrict /*nptr*/,
Xextern __declspec(__nothrow) unsigned long long strtoull(const char * __restrict  ,
N                                            char ** __restrict /*endptr*/, int /*base*/)
N                                   __attribute__((__nonnull__(1)));
N   /*
N    * as strtoul but returns an unsigned long long int value.  If the correct
N    * value is outside the range of representable values, ULLONG_MAX is returned,
N    * and the value of the macro ERANGE is stored in errno.
N    */
N
Nextern _ARMABI int rand(void);
Xextern __declspec(__nothrow) int rand(void);
N   /*
N    * Computes a sequence of pseudo-random integers in the range 0 to RAND_MAX.
N    * Uses an additive generator (Mitchell & Moore) of the form:
N    *   Xn = (X[n-24] + X[n-55]) MOD 2^31
N    * This is described in section 3.2.2 of Knuth, vol 2. It's period is
N    * in excess of 2^55 and its randomness properties, though unproven, are
N    * conjectured to be good. Empirical testing since 1958 has shown no flaws.
N    * Returns: a pseudo-random integer.
N    */
Nextern _ARMABI void srand(unsigned int /*seed*/);
Xextern __declspec(__nothrow) void srand(unsigned int  );
N   /*
N    * uses its argument as a seed for a new sequence of pseudo-random numbers
N    * to be returned by subsequent calls to rand. If srand is then called with
N    * the same seed value, the sequence of pseudo-random numbers is repeated.
N    * If rand is called before any calls to srand have been made, the same
N    * sequence is generated as when srand is first called with a seed value
N    * of 1.
N    */
N
Nstruct _rand_state { int __x[57]; };
Nextern _ARMABI int _rand_r(struct _rand_state *);
Xextern __declspec(__nothrow) int _rand_r(struct _rand_state *);
Nextern _ARMABI void _srand_r(struct _rand_state *, unsigned int);
Xextern __declspec(__nothrow) void _srand_r(struct _rand_state *, unsigned int);
Nstruct _ANSI_rand_state { int __x[1]; };
Nextern _ARMABI int _ANSI_rand_r(struct _ANSI_rand_state *);
Xextern __declspec(__nothrow) int _ANSI_rand_r(struct _ANSI_rand_state *);
Nextern _ARMABI void _ANSI_srand_r(struct _ANSI_rand_state *, unsigned int);
Xextern __declspec(__nothrow) void _ANSI_srand_r(struct _ANSI_rand_state *, unsigned int);
N   /*
N    * Re-entrant variants of both flavours of rand, which operate on
N    * an explicitly supplied state buffer.
N    */
N
Nextern _ARMABI void *calloc(size_t /*nmemb*/, size_t /*size*/);
Xextern __declspec(__nothrow) void *calloc(size_t  , size_t  );
N   /*
N    * allocates space for an array of nmemb objects, each of whose size is
N    * 'size'. The space is initialised to all bits zero.
N    * Returns: either a null pointer or a pointer to the allocated space.
N    */
Nextern _ARMABI void free(void * /*ptr*/);
Xextern __declspec(__nothrow) void free(void *  );
N   /*
N    * causes the space pointed to by ptr to be deallocated (i.e., made
N    * available for further allocation). If ptr is a null pointer, no action
N    * occurs. Otherwise, if ptr does not match a pointer earlier returned by
N    * calloc, malloc or realloc or if the space has been deallocated by a call
N    * to free or realloc, the behaviour is undefined.
N    */
Nextern _ARMABI void *malloc(size_t /*size*/);
Xextern __declspec(__nothrow) void *malloc(size_t  );
N   /*
N    * allocates space for an object whose size is specified by 'size' and whose
N    * value is indeterminate.
N    * Returns: either a null pointer or a pointer to the allocated space.
N    */
Nextern _ARMABI void *realloc(void * /*ptr*/, size_t /*size*/);
Xextern __declspec(__nothrow) void *realloc(void *  , size_t  );
N   /*
N    * changes the size of the object pointed to by ptr to the size specified by
N    * size. The contents of the object shall be unchanged up to the lesser of
N    * the new and old sizes. If the new size is larger, the value of the newly
N    * allocated portion of the object is indeterminate. If ptr is a null
N    * pointer, the realloc function behaves like a call to malloc for the
N    * specified size. Otherwise, if ptr does not match a pointer earlier
N    * returned by calloc, malloc or realloc, or if the space has been
N    * deallocated by a call to free or realloc, the behaviour is undefined.
N    * If the space cannot be allocated, the object pointed to by ptr is
N    * unchanged. If size is zero and ptr is not a null pointer, the object it
N    * points to is freed.
N    * Returns: either a null pointer or a pointer to the possibly moved
N    *          allocated space.
N    */
N#if !defined(__STRICT_ANSI__)
X#if !0L
Nextern _ARMABI int posix_memalign(void ** /*ret*/, size_t /*alignment*/, size_t /*size*/);
Xextern __declspec(__nothrow) int posix_memalign(void **  , size_t  , size_t  );
N   /*
N    * allocates space for an object of size 'size', aligned to a
N    * multiple of 'alignment' (which must be a power of two and at
N    * least 4).
N    *
N    * On success, a pointer to the allocated object is stored in
N    * *ret, and zero is returned. On failure, the return value is
N    * either ENOMEM (allocation failed because no suitable piece of
N    * memory was available) or EINVAL (the 'alignment' parameter was
N    * invalid).
N    */
N#endif
Ntypedef int (*__heapprt)(void *, char const *, ...);
Nextern _ARMABI void __heapstats(int (* /*dprint*/)(void * /*param*/,
Xextern __declspec(__nothrow) void __heapstats(int (*  )(void *  ,
N                                           char const * /*format*/, ...),
N                        void * /*param*/) __attribute__((__nonnull__(1)));
N   /*
N    * reports current heap statistics (eg. number of free blocks in
N    * the free-list). Output is as implementation-defined free-form
N    * text, provided via the dprint function. `param' gives an
N    * extra data word to pass to dprint. You can call
N    * __heapstats(fprintf,stdout) by casting fprintf to the above
N    * function type; the typedef `__heapprt' is provided for this
N    * purpose.
N    *
N    * `dprint' will not be called while the heap is being examined,
N    * so it can allocate memory itself without trouble.
N    */
Nextern _ARMABI int __heapvalid(int (* /*dprint*/)(void * /*param*/,
Xextern __declspec(__nothrow) int __heapvalid(int (*  )(void *  ,
N                                           char const * /*format*/, ...),
N                       void * /*param*/, int /*verbose*/) __attribute__((__nonnull__(1)));
N   /*
N    * performs a consistency check on the heap. Errors are reported
N    * through dprint, like __heapstats. If `verbose' is nonzero,
N    * full diagnostic information on the heap state is printed out.
N    *
N    * This routine probably won't work if the heap isn't a
N    * contiguous chunk (for example, if __user_heap_extend has been
N    * overridden).
N    *
N    * `dprint' may be called while the heap is being examined or
N    * even in an invalid state, so it must perform no memory
N    * allocation. In particular, if `dprint' calls (or is) a stdio
N    * function, the stream it outputs to must already have either
N    * been written to or been setvbuf'ed, or else the system will
N    * allocate buffer space for it on the first call to dprint.
N    */
Nextern _ARMABI_NORETURN void abort(void);
Xextern __declspec(__nothrow) __declspec(__noreturn) void abort(void);
N   /*
N    * causes abnormal program termination to occur, unless the signal SIGABRT
N    * is being caught and the signal handler does not return. Whether open
N    * output streams are flushed or open streams are closed or temporary
N    * files removed is implementation-defined.
N    * An implementation-defined form of the status 'unsuccessful termination'
N    * is returned to the host environment by means of a call to
N    * raise(SIGABRT).
N    */
N
Nextern _ARMABI int atexit(void (* /*func*/)(void)) __attribute__((__nonnull__(1)));
Xextern __declspec(__nothrow) int atexit(void (*  )(void)) __attribute__((__nonnull__(1)));
N   /*
N    * registers the function pointed to by func, to be called without its
N    * arguments at normal program termination. It is possible to register at
N    * least 32 functions.
N    * Returns: zero if the registration succeeds, nonzero if it fails.
N    */
N#if defined(__EDG__) && !defined(__GNUC__)
X#if 1L && !0L
N#define __LANGUAGE_LINKAGE_CHANGES_FUNCTION_TYPE
N#endif
N#if defined(__cplusplus) && defined(__LANGUAGE_LINKAGE_CHANGES_FUNCTION_TYPE) 
X#if 0L && 1L 
S    /* atexit that takes a ptr to a function with C++ linkage 
S     * but not in GNU mode  
S     */
S    typedef void (* __C_exitfuncptr)();
S    extern "C++"
S    inline int atexit(void (* __func)()) {
S      return atexit((__C_exitfuncptr)__func);
S    }
N#endif
N
N
Nextern _ARMABI_NORETURN void exit(int /*status*/);
Xextern __declspec(__nothrow) __declspec(__noreturn) void exit(int  );
N   /*
N    * causes normal program termination to occur. If more than one call to the
N    * exit function is executed by a program, the behaviour is undefined.
N    * First, all functions registered by the atexit function are called, in the
N    * reverse order of their registration.
N    * Next, all open output streams are flushed, all open streams are closed,
N    * and all files created by the tmpfile function are removed.
N    * Finally, control is returned to the host environment. If the value of
N    * status is zero or EXIT_SUCCESS, an implementation-defined form of the
N    * status 'successful termination' is returned. If the value of status is
N    * EXIT_FAILURE, an implementation-defined form of the status
N    * 'unsuccessful termination' is returned. Otherwise the status returned
N    * is implementation-defined.
N    */
N
Nextern _ARMABI_NORETURN void _Exit(int /*status*/);
Xextern __declspec(__nothrow) __declspec(__noreturn) void _Exit(int  );
N   /*
N    * causes normal program termination to occur. No functions registered
N    * by the atexit function are called.
N    * In this implementation, all open output streams are flushed, all
N    * open streams are closed, and all files created by the tmpfile function
N    * are removed.
N    * Control is returned to the host environment. The status returned to
N    * the host environment is determined in the same way as for 'exit'.
N    */     
N
Nextern _ARMABI char *getenv(const char * /*name*/) __attribute__((__nonnull__(1)));
Xextern __declspec(__nothrow) char *getenv(const char *  ) __attribute__((__nonnull__(1)));
N   /*
N    * searches the environment list, provided by the host environment, for a
N    * string that matches the string pointed to by name. The set of environment
N    * names and the method for altering the environment list are
N    * implementation-defined.
N    * Returns: a pointer to a string associated with the matched list member.
N    *          The array pointed to shall not be modified by the program, but
N    *          may be overwritten by a subsequent call to the getenv function.
N    *          If the specified name cannot be found, a null pointer is
N    *          returned.
N    */
N
Nextern _ARMABI int  system(const char * /*string*/);
Xextern __declspec(__nothrow) int  system(const char *  );
N   /*
N    * passes the string pointed to by string to the host environment to be
N    * executed by a command processor in an implementation-defined manner.
N    * A null pointer may be used for string, to inquire whether a command
N    * processor exists.
N    *
N    * Returns: If the argument is a null pointer, the system function returns
N    *          non-zero only if a command processor is available. If the
N    *          argument is not a null pointer, the system function returns an
N    *          implementation-defined value.
N    */
N
Nextern _ARMABI_THROW void *bsearch(const void * /*key*/, const void * /*base*/,
Xextern  void *bsearch(const void *  , const void *  ,
N              size_t /*nmemb*/, size_t /*size*/,
N              int (* /*compar*/)(const void *, const void *)) __attribute__((__nonnull__(1,2,5)));
N   /*
N    * searches an array of nmemb objects, the initial member of which is
N    * pointed to by base, for a member that matches the object pointed to by
N    * key. The size of each member of the array is specified by size.
N    * The contents of the array shall be in ascending sorted order according to
N    * a comparison function pointed to by compar, which is called with two
N    * arguments that point to the key object and to an array member, in that
N    * order. The function shall return an integer less than, equal to, or
N    * greater than zero if the key object is considered, respectively, to be
N    * less than, to match, or to be greater than the array member.
N    * Returns: a pointer to a matching member of the array, or a null pointer
N    *          if no match is found. If two members compare as equal, which
N    *          member is matched is unspecified.
N    */
N#if defined(__cplusplus) && defined(__LANGUAGE_LINKAGE_CHANGES_FUNCTION_TYPE)
X#if 0L && 1L
S    /* bsearch that takes a ptr to a function with C++ linkage 
S     * but not in GNU mode
S     */
S    typedef int (* __C_compareprocptr)(const void *, const void *);
S    extern "C++"
S    void *bsearch(const void * __key, const void * __base,
S              size_t __nmemb, size_t __size,
S              int (* __compar)(const void *, const void *)) __attribute__((__nonnull__(1,2,5)));
S    extern "C++"
S    inline void *bsearch(const void * __key, const void * __base,
S              size_t __nmemb, size_t __size,
S              int (* __compar)(const void *, const void *)) {
S      return bsearch(__key, __base, __nmemb, __size, (__C_compareprocptr)__compar);
S    }
N#endif
N
N
Nextern _ARMABI_THROW void qsort(void * /*base*/, size_t /*nmemb*/, size_t /*size*/,
Xextern  void qsort(void *  , size_t  , size_t  ,
N           int (* /*compar*/)(const void *, const void *)) __attribute__((__nonnull__(1,4)));
N   /*
N    * sorts an array of nmemb objects, the initial member of which is pointed
N    * to by base. The size of each object is specified by size.
N    * The contents of the array shall be in ascending order according to a
N    * comparison function pointed to by compar, which is called with two
N    * arguments that point to the objects being compared. The function shall
N    * return an integer less than, equal to, or greater than zero if the first
N    * argument is considered to be respectively less than, equal to, or greater
N    * than the second. If two members compare as equal, their order in the
N    * sorted array is unspecified.
N    */
N
N#if defined(__cplusplus) && defined(__LANGUAGE_LINKAGE_CHANGES_FUNCTION_TYPE)
X#if 0L && 1L
S    /* qsort that takes a ptr to a function with C++ linkage 
S     * but not in GNU mode
S     */    
S    extern "C++"
S    void qsort(void * __base, size_t __nmemb, size_t __size,
S               int (* __compar)(const void *, const void *)) __attribute__((__nonnull__(1,4)));
S    extern "C++"
S    inline void qsort(void * __base, size_t __nmemb, size_t __size,
S                      int (* __compar)(const void *, const void *)) {
S      qsort(__base, __nmemb, __size, (__C_compareprocptr)__compar);
S    }
N#endif
N
Nextern _ARMABI_PURE int abs(int /*j*/);
Xextern __declspec(__nothrow) __attribute__((const)) int abs(int  );
N   /*
N    * computes the absolute value of an integer j. If the result cannot be
N    * represented, the behaviour is undefined.
N    * Returns: the absolute value.
N    */
N
Nextern _ARMABI_PURE div_t div(int /*numer*/, int /*denom*/);
Xextern __declspec(__nothrow) __attribute__((const)) div_t div(int  , int  );
N   /*
N    * computes the quotient and remainder of the division of the numerator
N    * numer by the denominator denom. If the division is inexact, the resulting
N    * quotient is the integer of lesser magnitude that is the nearest to the
N    * algebraic quotient. If the result cannot be represented, the behaviour is
N    * undefined; otherwise, quot * denom + rem shall equal numer.
N    * Returns: a structure of type div_t, comprising both the quotient and the
N    *          remainder. the structure shall contain the following members,
N    *          in either order.
N    *          int quot; int rem;
N    */
Nextern _ARMABI_PURE long int labs(long int /*j*/);
Xextern __declspec(__nothrow) __attribute__((const)) long int labs(long int  );
N   /*
N    * computes the absolute value of an long integer j. If the result cannot be
N    * represented, the behaviour is undefined.
N    * Returns: the absolute value.
N    */
N#ifdef __cplusplus
S   extern "C++" inline _ARMABI_PURE long abs(long int x) { return labs(x); }
N#endif
N
Nextern _ARMABI_PURE ldiv_t ldiv(long int /*numer*/, long int /*denom*/);
Xextern __declspec(__nothrow) __attribute__((const)) ldiv_t ldiv(long int  , long int  );
N   /*
N    * computes the quotient and remainder of the division of the numerator
N    * numer by the denominator denom. If the division is inexact, the sign of
N    * the resulting quotient is that of the algebraic quotient, and the
N    * magnitude of the resulting quotient is the largest integer less than the
N    * magnitude of the algebraic quotient. If the result cannot be represented,
N    * the behaviour is undefined; otherwise, quot * denom + rem shall equal
N    * numer.
N    * Returns: a structure of type ldiv_t, comprising both the quotient and the
N    *          remainder. the structure shall contain the following members,
N    *          in either order.
N    *          long int quot; long int rem;
N    */
N#ifdef __cplusplus
S   extern "C++" inline _ARMABI_PURE ldiv_t div(long int __numer, long int __denom) {
S       return ldiv(__numer, __denom);
S   }
N#endif
N
N#if !defined(__STRICT_ANSI__) || __USE_C99_STDLIB
X#if !0L || 1
Nextern _ARMABI_PURE __LONGLONG llabs(__LONGLONG /*j*/);
Xextern __declspec(__nothrow) __attribute__((const)) long long llabs(long long  );
N   /*
N    * computes the absolute value of a long long integer j. If the
N    * result cannot be represented, the behaviour is undefined.
N    * Returns: the absolute value.
N    */
N#ifdef __cplusplus
S   extern "C++" inline _ARMABI_PURE __LONGLONG abs(__LONGLONG x) { return llabs(x); }
N#endif
N
Nextern _ARMABI_PURE lldiv_t lldiv(__LONGLONG /*numer*/, __LONGLONG /*denom*/);
Xextern __declspec(__nothrow) __attribute__((const)) lldiv_t lldiv(long long  , long long  );
N   /*
N    * computes the quotient and remainder of the division of the numerator
N    * numer by the denominator denom. If the division is inexact, the sign of
N    * the resulting quotient is that of the algebraic quotient, and the
N    * magnitude of the resulting quotient is the largest integer less than the
N    * magnitude of the algebraic quotient. If the result cannot be represented,
N    * the behaviour is undefined; otherwise, quot * denom + rem shall equal
N    * numer.
N    * Returns: a structure of type lldiv_t, comprising both the quotient and the
N    *          remainder. the structure shall contain the following members,
N    *          in either order.
N    *          long long quot; long long rem;
N    */
N#ifdef __cplusplus
S   extern "C++" inline _ARMABI_PURE lldiv_t div(__LONGLONG __numer, __LONGLONG __denom) {
S       return lldiv(__numer, __denom);
S   }
N#endif
N#endif
N
N#if !(__ARM_NO_DEPRECATED_FUNCTIONS)
N/*
N * ARM real-time divide functions for guaranteed performance
N */
Ntypedef struct __sdiv32by16 { int quot, rem; } __sdiv32by16;
Ntypedef struct __udiv32by16 { unsigned int quot, rem; } __udiv32by16;
N   /* used int so that values return in separate regs, although 16-bit */
Ntypedef struct __sdiv64by32 { int rem, quot; } __sdiv64by32;
N
N__value_in_regs extern _ARMABI_PURE __sdiv32by16 __rt_sdiv32by16(
X__value_in_regs extern __declspec(__nothrow) __attribute__((const)) __sdiv32by16 __rt_sdiv32by16(
N     int /*numer*/,
N     short int /*denom*/);
N   /*
N    * Signed divide: (16-bit quot), (16-bit rem) = (32-bit) / (16-bit)
N    */
N__value_in_regs extern _ARMABI_PURE __udiv32by16 __rt_udiv32by16(
X__value_in_regs extern __declspec(__nothrow) __attribute__((const)) __udiv32by16 __rt_udiv32by16(
N     unsigned int /*numer*/,
N     unsigned short /*denom*/);
N   /*
N    * Unsigned divide: (16-bit quot), (16-bit rem) = (32-bit) / (16-bit)
N    */
N__value_in_regs extern _ARMABI_PURE __sdiv64by32 __rt_sdiv64by32(
X__value_in_regs extern __declspec(__nothrow) __attribute__((const)) __sdiv64by32 __rt_sdiv64by32(
N     int /*numer_h*/, unsigned int /*numer_l*/,
N     int /*denom*/);
N   /*
N    * Signed divide: (32-bit quot), (32-bit rem) = (64-bit) / (32-bit)
N    */
N#endif
N
N/*
N * ARM floating-point mask/status function (for both hardfp and softfp)
N */
Nextern _ARMABI unsigned int __fp_status(unsigned int /*mask*/, unsigned int /*flags*/);
Xextern __declspec(__nothrow) unsigned int __fp_status(unsigned int  , unsigned int  );
N   /*
N    * mask and flags are bit-fields which correspond directly to the
N    * floating point status register in the FPE/FPA and fplib.  
N    * __fp_status returns the current value of the status register,
N    * and also sets the writable bits of the word
N    * (the exception control and flag bytes) to:
N    *
N    *     new = (old & ~mask) ^ flags;
N    */
N#define __fpsr_IXE  0x100000
N#define __fpsr_UFE  0x80000
N#define __fpsr_OFE  0x40000
N#define __fpsr_DZE  0x20000
N#define __fpsr_IOE  0x10000
N
N#define __fpsr_IXC  0x10
N#define __fpsr_UFC  0x8
N#define __fpsr_OFC  0x4
N#define __fpsr_DZC  0x2
N#define __fpsr_IOC  0x1
N
N/*
N * Multibyte Character Functions.
N * The behaviour of the multibyte character functions is affected by the
N * LC_CTYPE category of the current locale. For a state-dependent encoding,
N * each function is placed into its initial state by a call for which its
N * character pointer argument, s, is a null pointer. Subsequent calls with s
N * as other than a null pointer cause the internal state of the function to be
N * altered as necessary. A call with s as a null pointer causes these functions
N * to return a nonzero value if encodings have state dependency, and a zero
N * otherwise. After the LC_CTYPE category is changed, the shift state of these
N * functions is indeterminate.
N */
Nextern _ARMABI int mblen(const char * /*s*/, size_t /*n*/);
Xextern __declspec(__nothrow) int mblen(const char *  , size_t  );
N   /*
N    * If s is not a null pointer, the mblen function determines the number of
N    * bytes compromising the multibyte character pointed to by s. Except that
N    * the shift state of the mbtowc function is not affected, it is equivalent
N    * to   mbtowc((wchar_t *)0, s, n);
N    * Returns: If s is a null pointer, the mblen function returns a nonzero or
N    *          zero value, if multibyte character encodings, respectively, do
N    *          or do not have state-dependent encodings. If s is not a null
N    *          pointer, the mblen function either returns a 0 (if s points to a
N    *          null character), or returns the number of bytes that compromise
N    *          the multibyte character (if the next n of fewer bytes form a
N    *          valid multibyte character), or returns -1 (they do not form a
N    *          valid multibyte character).
N    */
Nextern _ARMABI int mbtowc(wchar_t * __restrict /*pwc*/,
Xextern __declspec(__nothrow) int mbtowc(wchar_t * __restrict  ,
N                   const char * __restrict /*s*/, size_t /*n*/);
N   /*
N    * If s is not a null pointer, the mbtowc function determines the number of
N    * bytes that compromise the multibyte character pointed to by s. It then
N    * determines the code for value of type wchar_t that corresponds to that
N    * multibyte character. (The value of the code corresponding to the null
N    * character is zero). If the multibyte character is valid and pwc is not a
N    * null pointer, the mbtowc function stores the code in the object pointed
N    * to by pwc. At most n bytes of the array pointed to by s will be examined.
N    * Returns: If s is a null pointer, the mbtowc function returns a nonzero or
N    *          zero value, if multibyte character encodings, respectively, do
N    *          or do not have state-dependent encodings. If s is not a null
N    *          pointer, the mbtowc function either returns a 0 (if s points to
N    *          a null character), or returns the number of bytes that
N    *          compromise the converted multibyte character (if the next n of
N    *          fewer bytes form a valid multibyte character), or returns -1
N    *          (they do not form a valid multibyte character).
N    */
Nextern _ARMABI int wctomb(char * /*s*/, wchar_t /*wchar*/);
Xextern __declspec(__nothrow) int wctomb(char *  , wchar_t  );
N   /*
N    * determines the number of bytes need to represent the multibyte character
N    * corresponding to the code whose value is wchar (including any change in
N    * shift state). It stores the multibyte character representation in the
N    * array object pointed to by s (if s is not a null pointer). At most
N    * MB_CUR_MAX characters are stored. If the value of wchar is zero, the
N    * wctomb function is left in the initial shift state).
N    * Returns: If s is a null pointer, the wctomb function returns a nonzero or
N    *          zero value, if multibyte character encodings, respectively, do
N    *          or do not have state-dependent encodings. If s is not a null
N    *          pointer, the wctomb function returns a -1 if the value of wchar
N    *          does not correspond to a valid multibyte character, or returns
N    *          the number of bytes that compromise the multibyte character
N    *          corresponding to the value of wchar.
N    */
N
N/*
N * Multibyte String Functions.
N * The behaviour of the multibyte string functions is affected by the LC_CTYPE
N * category of the current locale.
N */
Nextern _ARMABI size_t mbstowcs(wchar_t * __restrict /*pwcs*/,
Xextern __declspec(__nothrow) size_t mbstowcs(wchar_t * __restrict  ,
N                      const char * __restrict /*s*/, size_t /*n*/) __attribute__((__nonnull__(2)));
N   /*
N    * converts a sequence of multibyte character that begins in the initial
N    * shift state from the array pointed to by s into a sequence of
N    * corresponding codes and stores not more than n codes into the array
N    * pointed to by pwcs. No multibyte character that follow a null character
N    * (which is converted into a code with value zero) will be examined or
N    * converted. Each multibyte character is converted as if by a call to
N    * mbtowc function, except that the shift state of the mbtowc function is
N    * not affected. No more than n elements will be modified in the array
N    * pointed to by pwcs. If copying takes place between objects that overlap,
N    * the behaviour is undefined.
N    * Returns: If an invalid multibyte character is encountered, the mbstowcs
N    *          function returns (size_t)-1. Otherwise, the mbstowcs function
N    *          returns the number of array elements modified, not including
N    *          a terminating zero code, if any.
N    */
Nextern _ARMABI size_t wcstombs(char * __restrict /*s*/,
Xextern __declspec(__nothrow) size_t wcstombs(char * __restrict  ,
N                      const wchar_t * __restrict /*pwcs*/, size_t /*n*/) __attribute__((__nonnull__(2)));
N   /*
N    * converts a sequence of codes that correspond to multibyte characters
N    * from the array pointed to by pwcs into a sequence of multibyte
N    * characters that begins in the initial shift state and stores these
N    * multibyte characters into the array pointed to by s, stopping if a
N    * multibyte character would exceed the limit of n total bytes or if a
N    * null character is stored. Each code is converted as if by a call to the
N    * wctomb function, except that the shift state of the wctomb function is
N    * not affected. No more than n elements will be modified in the array
N    * pointed to by s. If copying takes place between objects that overlap,
N    * the behaviour is undefined.
N    * Returns: If a code is encountered that does not correspond to a valid
N    *          multibyte character, the wcstombs function returns (size_t)-1.
N    *          Otherwise, the wcstombs function returns the number of bytes
N    *          modified, not including a terminating null character, if any.
N    */
N
Nextern _ARMABI void __use_realtime_heap(void);
Xextern __declspec(__nothrow) void __use_realtime_heap(void);
Nextern _ARMABI void __use_realtime_division(void);
Xextern __declspec(__nothrow) void __use_realtime_division(void);
Nextern _ARMABI void __use_two_region_memory(void);
Xextern __declspec(__nothrow) void __use_two_region_memory(void);
Nextern _ARMABI void __use_no_heap(void);
Xextern __declspec(__nothrow) void __use_no_heap(void);
Nextern _ARMABI void __use_no_heap_region(void);
Xextern __declspec(__nothrow) void __use_no_heap_region(void);
N
Nextern _ARMABI char const *__C_library_version_string(void);
Xextern __declspec(__nothrow) char const *__C_library_version_string(void);
Nextern _ARMABI int __C_library_version_number(void);
Xextern __declspec(__nothrow) int __C_library_version_number(void);
N
N    #ifdef __cplusplus
S         }  /* extern "C" */
S      }  /* namespace std */
N    #endif /* __cplusplus */
N  #endif /* __STDLIB_DECLS */
N
N  #if _AEABI_PORTABILITY_LEVEL != 0 && !defined _AEABI_PORTABLE
X  #if _AEABI_PORTABILITY_LEVEL != 0 && !0L
S    #define _AEABI_PORTABLE
N  #endif
N
N  #ifdef __cplusplus
S    #ifndef __STDLIB_NO_EXPORTS
S      #if !defined(__STRICT_ANSI__) || __USE_C99_STDLIB
S        using ::std::atoll;
S        using ::std::lldiv_t;
S      #endif /* !defined(__STRICT_ANSI__) || __USE_C99_STDLIB */
S      using ::std::div_t;
S      using ::std::ldiv_t;
S      using ::std::atof;
S      using ::std::atoi;
S      using ::std::atol;
S      using ::std::strtod;
S#if !defined(__STRICT_ANSI__) || __USE_C99_STDLIB
S      using ::std::strtof;
S      using ::std::strtold;
S#endif
S      using ::std::strtol;
S      using ::std::strtoul;
S      using ::std::strtoll;
S      using ::std::strtoull;
S      using ::std::rand;
S      using ::std::srand;
S      using ::std::_rand_state;
S      using ::std::_rand_r;
S      using ::std::_srand_r;
S      using ::std::_ANSI_rand_state;
S      using ::std::_ANSI_rand_r;
S      using ::std::_ANSI_srand_r;
S      using ::std::calloc;
S      using ::std::free;
S      using ::std::malloc;
S      using ::std::realloc;
S#if !defined(__STRICT_ANSI__)
S      using ::std::posix_memalign;
S#endif
S      using ::std::__heapprt;
S      using ::std::__heapstats;
S      using ::std::__heapvalid;
S      using ::std::abort;
S      using ::std::atexit;
S      using ::std::exit;
S      using ::std::_Exit;
S      using ::std::getenv;
S      using ::std::system;
S      using ::std::bsearch;
S      using ::std::qsort;
S      using ::std::abs;
S      using ::std::div;
S      using ::std::labs;
S      using ::std::ldiv;
S      #if !defined(__STRICT_ANSI__) || __USE_C99_STDLIB
S        using ::std::llabs;
S        using ::std::lldiv;
S      #endif /* !defined(__STRICT_ANSI__) || __USE_C99_STDLIB */
S#if !(__ARM_NO_DEPRECATED_FUNCTIONS)
S      using ::std::__sdiv32by16;
S      using ::std::__udiv32by16;
S      using ::std::__sdiv64by32;
S      using ::std::__rt_sdiv32by16;
S      using ::std::__rt_udiv32by16;
S      using ::std::__rt_sdiv64by32;
S#endif
S      using ::std::__fp_status;
S      using ::std::mblen;
S      using ::std::mbtowc;
S      using ::std::wctomb;
S      using ::std::mbstowcs;
S      using ::std::wcstombs;
S      using ::std::__use_realtime_heap;
S      using ::std::__use_realtime_division;
S      using ::std::__use_two_region_memory;
S      using ::std::__use_no_heap;
S      using ::std::__use_no_heap_region;
S      using ::std::__C_library_version_string;
S      using ::std::__C_library_version_number;
S      using ::std::size_t;
S      using ::std::__aeabi_MB_CUR_MAX;
S    #endif /* __STDLIB_NO_EXPORTS */
N  #endif /* __cplusplus */
N
N#undef __LONGLONG
N
N#endif /* __stdlib_h */
N
N/* end of stdlib.h */
L 3 "..\..\..\module\common\AppCommon.c" 2
N#include "./Math/bit_operation.h"
L 1 "..\..\..\module\common\./Math/bit_operation.h" 1
N#ifndef __BIT_OPERATION_H
N#define __BIT_OPERATION_H
N
N#ifdef __cplusplus
S extern "C"{
N#endif
N
N
N#include "../x_cross_platform.h" //!!! makefile is sentive to "/" and "\"  , use "/"！！！
N
N#define Set  (0 == 0)
N#define Clear (0 != 0)
N
Nuint8_t byte_rotate_bit(uint8_t source);// ! careful about the hardware platform ;test arm 32 ok
Nuint8_t byte_setbit(uint8_t source,uint8_t bitnumber);
Nuint8_t byte_clearbit(uint8_t source,uint8_t bitnumber);
Nuint8_t byte_getbit(uint8_t source,uint8_t bitnumber);
Nuint8_t byte_bitoverturn(uint8_t source,uint8_t bitnumber);
Nuint8_t ByteFactorSet(uint8_t factor,uint8_t bit_number,X_Boolean SetOrClear);
N
Nuint16_t twobyte_setbit(uint16_t source,uint8_t bitnumber);
Nuint16_t twobyte_clearbit(uint16_t source,uint8_t bitnumber);
Nuint16_t twobyte_getbit(uint16_t source,uint8_t bitnumber);
Nuint16_t twobyte_bitoverturn(uint16_t source,uint8_t bitnumber);
Nuint16_t TwoByteFactorSet(uint16_t factor,uint8_t bit_number,X_Boolean SetOrClear);
N
Nuint32_t uint32_rotate_bit(uint32_t source);// ! careful about the hardware platform
N
Nuint32_t fourbyte_setbit(uint32_t source,uint8_t bitnumber);
Nuint32_t fourbyte_clearbit(uint32_t source,uint8_t bitnumber);
Nuint32_t fourbyte_getbit(uint32_t source,uint8_t bitnumber);
Nuint32_t fourbyte_bitoverturn(uint32_t source,uint8_t bitnumber);
Nuint32_t FourByteFactorSet(uint32_t factor,uint8_t bit_number,X_Boolean SetOrClear);
N
Nuint8_t GetBinaryBitNumber(uint32_t value);
Nuint8_t GetLeadZeroCount(uint32_t source);
Nuint8_t GetRearZeroCount(uint32_t source);
N
N#ifdef __cplusplus
S 	}
N#endif
N
N
N#endif
L 4 "..\..\..\module\common\AppCommon.c" 2
N
NX_Void byteBufInit(uint8_t *p_buf,uint16_t length,uint8_t init_value)
Xvoid byteBufInit(uint8_t *p_buf,uint16_t length,uint8_t init_value)
N{
N	uint16_t i;
N	if(length >= 0xffff) {return;}
N	for(i = 0;i<length;i++)
N	{
N		p_buf[i] = init_value;
N	}
N}
N
NX_Void twobyteBufInit(uint16_t *p_buf,uint16_t length,uint16_t init_value)
Xvoid twobyteBufInit(uint16_t *p_buf,uint16_t length,uint16_t init_value)
N{
N	uint16_t i;
N	if(length >= 0xffff) {return;}
N	for(i = 0;i<length;i++)
N	{
N		p_buf[i] = init_value;
N	}
N}
N
Nuint16_t TwoBytesReverse(uint16_t src)
N{
N	uint8_t high,low;
N	low = (uint8_t)src;
N	high = (uint8_t)(src >> 8);
N	return (high + ((uint16_t)(low<<8)));
N}
Nuint32_t FourBytesReverse(uint32_t src)
N{
N		uint32_t temp = 0;
N		temp = ((src & 0x000000FF) << 24) | ((src & 0x0000FF00) << 8) | 
N					 ((src & 0x00FF0000) >> 8) | ((src & 0xFF000000) >> 24) ;
N		return temp;
N}
N
Nstatic const int crc16_ccitt_table[] = { 0x0000, 0x1021, 0x2042, 0x3063, 0x4084, 0x50a5, 0x60c6, 0x70e7, 0x8108, 0x9129, 0xa14a,
N			0xb16b, 0xc18c, 0xd1ad, 0xe1ce, 0xf1ef, 0x1231, 0x0210, 0x3273, 0x2252, 0x52b5, 0x4294, 0x72f7, 0x62d6, 0x9339, 0x8318, 0xb37b,
N			0xa35a, 0xd3bd, 0xc39c, 0xf3ff, 0xe3de, 0x2462, 0x3443, 0x0420, 0x1401, 0x64e6, 0x74c7, 0x44a4, 0x5485, 0xa56a, 0xb54b, 0x8528,
N			0x9509, 0xe5ee, 0xf5cf, 0xc5ac, 0xd58d, 0x3653, 0x2672, 0x1611, 0x0630, 0x76d7, 0x66f6, 0x5695, 0x46b4, 0xb75b, 0xa77a, 0x9719,
N			0x8738, 0xf7df, 0xe7fe, 0xd79d, 0xc7bc, 0x48c4, 0x58e5, 0x6886, 0x78a7, 0x0840, 0x1861, 0x2802, 0x3823, 0xc9cc, 0xd9ed, 0xe98e,
N			0xf9af, 0x8948, 0x9969, 0xa90a, 0xb92b, 0x5af5, 0x4ad4, 0x7ab7, 0x6a96, 0x1a71, 0x0a50, 0x3a33, 0x2a12, 0xdbfd, 0xcbdc, 0xfbbf,
N			0xeb9e, 0x9b79, 0x8b58, 0xbb3b, 0xab1a, 0x6ca6, 0x7c87, 0x4ce4, 0x5cc5, 0x2c22, 0x3c03, 0x0c60, 0x1c41, 0xedae, 0xfd8f, 0xcdec,
N			0xddcd, 0xad2a, 0xbd0b, 0x8d68, 0x9d49, 0x7e97, 0x6eb6, 0x5ed5, 0x4ef4, 0x3e13, 0x2e32, 0x1e51, 0x0e70, 0xff9f, 0xefbe, 0xdfdd,
N			0xcffc, 0xbf1b, 0xaf3a, 0x9f59, 0x8f78, 0x9188, 0x81a9, 0xb1ca, 0xa1eb, 0xd10c, 0xc12d, 0xf14e, 0xe16f, 0x1080, 0x00a1, 0x30c2,
N			0x20e3, 0x5004, 0x4025, 0x7046, 0x6067, 0x83b9, 0x9398, 0xa3fb, 0xb3da, 0xc33d, 0xd31c, 0xe37f, 0xf35e, 0x02b1, 0x1290, 0x22f3,
N			0x32d2, 0x4235, 0x5214, 0x6277, 0x7256, 0xb5ea, 0xa5cb, 0x95a8, 0x8589, 0xf56e, 0xe54f, 0xd52c, 0xc50d, 0x34e2, 0x24c3, 0x14a0,
N			0x0481, 0x7466, 0x6447, 0x5424, 0x4405, 0xa7db, 0xb7fa, 0x8799, 0x97b8, 0xe75f, 0xf77e, 0xc71d, 0xd73c, 0x26d3, 0x36f2, 0x0691,
N			0x16b0, 0x6657, 0x7676, 0x4615, 0x5634, 0xd94c, 0xc96d, 0xf90e, 0xe92f, 0x99c8, 0x89e9, 0xb98a, 0xa9ab, 0x5844, 0x4865, 0x7806,
N			0x6827, 0x18c0, 0x08e1, 0x3882, 0x28a3, 0xcb7d, 0xdb5c, 0xeb3f, 0xfb1e, 0x8bf9, 0x9bd8, 0xabbb, 0xbb9a, 0x4a75, 0x5a54, 0x6a37,
N			0x7a16, 0x0af1, 0x1ad0, 0x2ab3, 0x3a92, 0xfd2e, 0xed0f, 0xdd6c, 0xcd4d, 0xbdaa, 0xad8b, 0x9de8, 0x8dc9, 0x7c26, 0x6c07, 0x5c64,
N			0x4c45, 0x3ca2, 0x2c83, 0x1ce0, 0x0cc1, 0xef1f, 0xff3e, 0xcf5d, 0xdf7c, 0xaf9b, 0xbfba, 0x8fd9, 0x9ff8, 0x6e17, 0x7e36, 0x4e55,
N			0x5e74, 0x2e93, 0x3eb2, 0x0ed1, 0x1ef0 };
N
Nuint16_t GetCRC(uint16_t crc_init,const uint8_t *p_data,uint32_t length)
N{
N	uint16_t crc_reg = crc_init;
N	for (uint32_t i = 0; i < length; i++) 
N	{
N		crc_reg = (crc_reg >> 8) ^ crc16_ccitt_table[(crc_reg ^ p_data[i]) & 0xff];
N	}
N//////	return crc_reg;
N//////	INSERT(LogDebug)(NB_IAP_DATA_DEBUG,("CRC :%2x \r\n",crc_reg));
N	return crc_reg;
N}
N
N
